1725393989.26	1	OFF
1725394186.73	1	OFF
1725394187.55	2	OFF
1725394191.95	3	OFF
1725394195.29	4	ON
1725394248.36	1	ON
1725394252.47	2	OFF
1725394255.04	3	OFF
1725394255.89	4	ON
1725394256.79	5	OFF
1725394295.44	1	ON
1725394298.20	2	ON
1725394298.62	3	OFF
1725394301.64	4	OFF
1725394302.08	5	OFF
1725394302.63	6	ON
1725394303.53	7	ON
1725394326.75	1	OFF
1725394327.94	2	OFF
1725394330.03	3	OFF
1725394332.68	4	OFF
1725394336.17	5	ON
1725394387.42	1	OFF
1725394390.13	2	ON
1725394392.54	3	ON
1725394396.43	4	ON
1725394422.52	1	ON
1725394424.87	2	ON
1725394427.25	3	OFF
1725394427.82	4	ON
1725394431.36	5	ON
1725394536.07	1	OFF
1725394540.37	2	OFF
1725394541.72	3	ON
1725394541.98	4	OFF
1725394769.41	1	ON
1725394771.06	2	ON
1725394774.08	3	OFF
1725394777.33	4	OFF
1725394777.63	5	ON
1725394805.40	1	OFF
1725394809.44	2	OFF
1725394811.73	3	ON
1725394814.55	4	OFF
1725395000.53	1	OFF
1725395003.89	2	ON
1725395006.73	3	OFF
1725395008.65	4	ON
1725395082.35	1	ON
1725395085.02	2	OFF
1725395088.94	3	ON
1725395091.58	4	OFF
1725395147.80	1	OFF
1725395151.79	2	OFF
1725395154.41	3	ON
1725819202.47	1	ON
1725819205.03	2	ON
1725819208.44	3	OFF
1725819211.55	4	ON
1725819231.84	1	ON
1725819232.77	2	OFF
1725819233.77	3	ON
1725819237.61	4	ON
1725819239.54	5	OFF
1725819240.77	6	OFF
1725819555.05	1	OFF
1725819556.06	2	ON
1725819559.11	3	OFF
1725819690.50	1	OFF
1725819693.14	2	OFF
1725819751.16	1	ON
1725819753.62	2	OFF
1725819757.73	3	ON
1725819758.07	4	OFF
1725819759.32	5	OFF
1725910448.83	1	OFF
1725910450.89	2	ON
1725910453.61	3	ON
1725910455.70	4	ON
1725910482.16	1	OFF
1725910482.61	2	ON
1725910483.87	3	ON
1725910486.62	4	ON
1725910486.86	5	OFF
1725910489.67	6	ON
1725910491.61	7	ON
1725913260.13	1	ON
1725913263.73	2	ON
1725913265.97	3	OFF
1725913267.36	4	OFF
1725913268.76	5	OFF
1726666213.79	1	ON
1726666216.45	2	OFF
1726666216.68	3	ON
1726666221.40	4	OFF
1726666223.21	5	ON
1727069243.45	1	OFF
1727069248.12	2	OFF
1727069249.71	3	OFF
1727069250.94	4	ON
1727070043.32	1	OFF
1727070047.94	2	ON
1727070051.62	3	ON
1727107956.54	1	ON
1727107958.06	2	ON
1727107961.28	3	ON
1727107962.44	4	OFF
1727108127.00	1	ON
1727108131.79	2	ON
1727108132.74	3	ON
1727108289.05	1	ON
1727108289.90	2	ON
1727108294.70	3	OFF
1727108297.60	4	ON
1727108323.51	1	OFF
1727108324.84	2	ON
1727108327.96	3	OFF
1727108332.54	4	OFF
1727108400.81	1	ON
1727108403.73	2	ON
1727108404.11	3	OFF
1727108408.72	4	ON
1727108410.72	5	OFF
1727108420.95	1	OFF
1727108423.96	2	ON
1727108425.35	3	OFF
1727108429.89	4	ON
1727119426.27	1	ON
1727119428.94	2	OFF
1727119429.27	3	OFF
1727119431.12	4	OFF
1727119432.81	5	ON
1727119434.40	6	OFF
1727119435.23	7	ON
1727119516.72	1	ON
1727119518.58	2	ON
1727119523.13	3	ON
1727119633.99	1	ON
1727119637.25	2	ON
1727119637.80	3	OFF
1727284145.29	1	OFF
1727284145.84	2	OFF
1727284148.37	3	ON
1727284152.96	4	ON
1727284218.75	1	ON
1727284222.18	2	ON
1727284222.38	3	OFF
1727284224.93	4	OFF
1727284227.33	5	OFF
1727284248.88	1	OFF
1727284252.30	2	ON
1727284256.81	3	ON
1727289105.33	1	OFF
1727289110.00	2	OFF
1727289110.92	3	ON
1727289114.78	4	ON
1727289162.85	1	OFF
1727289164.97	2	ON
1727289165.47	3	OFF
1727289166.81	4	ON
1727289170.65	5	OFF
1727289172.41	6	OFF
1727289287.76	1	OFF
1727289292.08	2	ON
1727289295.22	3	ON
1727289295.45	4	OFF
1727289403.63	1	ON
1727289407.04	2	ON
1727289409.10	3	ON
1727289412.17	4	ON
1727289441.78	1	ON
1727289446.61	2	OFF
1727289447.90	3	ON
1727289448.80	4	ON
1727289450.96	5	ON
1727289464.97	1	OFF
1727289469.96	2	ON
1727289472.25	3	OFF
1727289476.79	1	ON
1727289479.31	2	OFF
1727289480.06	3	OFF
1727289481.02	4	OFF
1727289482.03	5	OFF
1727289485.19	6	OFF
1727289633.30	1	OFF
1727289637.89	2	ON
1727289641.26	3	OFF
1727289641.70	4	OFF
1727289642.86	5	ON
1727289696.59	1	ON
1727289698.13	2	OFF
1727289699.17	3	ON
1727289703.98	4	ON
1727289705.19	5	OFF
1727289744.10	1	ON
1727289745.21	2	ON
1727289747.61	3	OFF
1727289750.90	4	ON
1727289753.15	5	ON
1727289753.88	6	OFF
1727289775.66	1	ON
1727289776.55	2	OFF
1727289779.94	3	ON
1727289784.44	4	OFF
1727289928.29	1	ON
1727289932.21	2	ON
1727289932.80	3	ON
1727289936.39	4	OFF
1727290033.97	1	OFF
1727290038.56	2	ON
1727290040.05	3	OFF
1727290042.20	4	ON
1727290079.28	1	ON
1727290082.60	2	ON
1727290084.16	3	ON
1727290088.06	4	OFF
1727290125.12	1	ON
1727290128.30	2	OFF
1727290132.64	3	ON
1727290181.47	1	OFF
1727290184.49	2	ON
1727290187.64	3	OFF
1727290188.21	4	OFF
1727290190.05	5	OFF
1727290219.37	1	OFF
1727290222.36	2	OFF
1727290226.63	3	ON
1727290228.09	4	OFF
