1725393989.25	1	[60.182792, 24.796085]
1725394186.74	1	[60.182792, 24.796085]
1725394248.36	1	[60.182792, 24.796085]
1725394253.04	2	[60.182759, 24.796080]
1725394257.40	3	[60.182734, 24.796031]
1725394295.44	1	[60.182792, 24.796085]
1725394301.54	2	[60.182759, 24.796080]
1725394326.75	1	[60.182792, 24.796085]
1725394333.13	2	[60.182759, 24.796080]
1725394387.42	1	[60.182792, 24.796085]
1725394391.36	2	[60.182759, 24.796080]
1725394422.52	1	[60.182792, 24.796085]
1725394426.46	2	[60.182759, 24.796080]
1725394536.07	1	[60.182792, 24.796085]
1725394542.65	2	[60.182759, 24.796080]
1725394769.42	1	[60.182792, 24.796085]
1725394773.39	2	[60.182759, 24.796080]
1725394805.40	1	[60.182792, 24.796085]
1725395000.53	1	[60.182792, 24.796085]
1725395007.64	2	[60.182759, 24.796080]
1725395082.36	1	[60.182792, 24.796085]
1725395088.74	2	[60.182759, 24.796080]
1725395147.81	1	[60.182792, 24.796085]
1725395152.43	2	[60.182759, 24.796080]
1725819202.48	1	[60.182792, 24.796085]
1725819207.35	2	[60.182759, 24.796080]
1725819231.84	1	[60.182792, 24.796085]
1725819237.92	2	[60.182759, 24.796080]
1725819241.59	3	[60.182734, 24.796031]
1725819555.05	1	[60.182792, 24.796085]
1725819690.50	1	[60.182792, 24.796085]
1725819751.16	1	[60.182792, 24.796085]
1725819758.55	2	[60.182759, 24.796080]
1725910448.83	1	[60.182792, 24.796085]
1725910456.63	2	[60.182759, 24.796080]
1725910482.16	1	[60.182792, 24.796085]
1725910489.35	2	[60.182759, 24.796080]
1725913260.13	1	[60.182792, 24.796085]
1726666213.79	1	[60.182792, 24.796085]
1726666218.63	2	[60.182759, 24.796080]
1727069243.45	1	[60.182792, 24.796085]
1727070043.32	1	[60.182792, 24.796085]
1727070049.06	2	[60.182759, 24.796080]
1727107956.54	1	[60.182792, 24.796085]
1727107964.69	2	[60.182759, 24.796080]
1727108127.00	1	[60.182792, 24.796085]
1727108131.05	2	[60.182759, 24.796080]
1727108135.21	3	[60.182734, 24.796031]
1727108289.05	1	[60.182792, 24.796085]
1727108296.44	2	[60.182759, 24.796080]
1727108323.52	1	[60.182792, 24.796085]
1727108328.39	2	[60.182759, 24.796080]
1727108400.81	1	[60.182792, 24.796085]
1727108410.67	2	[60.182759, 24.796080]
1727108420.95	1	[60.182792, 24.796085]
1727108425.78	2	[60.182759, 24.796080]
1727119426.28	1	[60.182792, 24.796085]
1727119430.80	2	[60.182759, 24.796080]
1727119516.71	1	[60.182792, 24.796085]
1727119522.97	2	[60.182759, 24.796080]
1727119633.99	1	[60.182792, 24.796085]
1727119638.22	2	[60.182759, 24.796080]
1727284145.29	1	[60.182792, 24.796085]
1727284149.71	2	[60.182759, 24.796080]
1727284218.75	1	[60.182792, 24.796085]
1727284224.40	2	[60.182759, 24.796080]
1727284228.46	3	[60.182734, 24.796031]
1727284248.88	1	[60.182792, 24.796085]
1727284254.13	2	[60.182759, 24.796080]
1727284258.18	3	[60.182734, 24.796031]
1727289105.33	1	[60.182792, 24.796085]
1727289162.85	1	[60.182792, 24.796085]
1727289169.33	2	[60.182759, 24.796080]
1727289287.76	1	[60.182792, 24.796085]
1727289403.63	1	[60.182792, 24.796085]
1727289408.33	2	[60.182759, 24.796080]
1727289441.78	1	[60.182792, 24.796085]
1727289448.08	2	[60.182759, 24.796080]
1727289464.97	1	[60.182792, 24.796085]
1727289469.51	2	[60.182759, 24.796080]
1727289476.79	1	[60.182792, 24.796085]
1727289481.15	2	[60.182759, 24.796080]
1727289633.30	1	[60.182792, 24.796085]
1727289642.92	2	[60.182759, 24.796080]
1727289696.59	1	[60.182792, 24.796085]
1727289701.57	2	[60.182759, 24.796080]
1727289744.10	1	[60.182792, 24.796085]
1727289775.66	1	[60.182792, 24.796085]
1727289779.95	2	[60.182759, 24.796080]
1727289928.29	1	[60.182792, 24.796085]
1727289932.47	2	[60.182759, 24.796080]
1727289936.14	3	[60.182734, 24.796031]
1727290033.97	1	[60.182792, 24.796085]
1727290039.70	2	[60.182759, 24.796080]
1727290079.28	1	[60.182792, 24.796085]
1727290086.32	2	[60.182759, 24.796080]
1727290125.12	1	[60.182792, 24.796085]
1727290133.45	2	[60.182759, 24.796080]
1727290181.47	1	[60.182792, 24.796085]
1727290186.08	2	[60.182759, 24.796080]
1727290219.37	1	[60.182792, 24.796085]
1727290224.10	2	[60.182759, 24.796080]
1727290228.42	3	[60.182734, 24.796031]
